app/build/intermediates/manifest_merge_blame_file/debug/processDebugMainManifest/manifest-merger-blame-debug-report.txt
1<?xml version="1.0" encoding="utf-8"?>
2<manifest xmlns:android="http://schemas.android.com/apk/res/android"
3    package="com.example.citasbrenda"
4    android:versionCode="1"
5    android:versionName="1.0" >
6
7    <uses-sdk
8        android:minSdkVersion="21"
9        android:targetSdkVersion="34" />
10
11    <permission
11-->[androidx.core:core:1.13.0] AndroidManifest.xml:22:5-24:47
12        android:name="com.example.citasbrenda.DYNAMIC_RECEIVER_NOT_EXPORTED_PERMISSION"
12-->[androidx.core:core:1.13.0] AndroidManifest.xml:23:9-81
13        android:protectionLevel="signature" />
13-->[androidx.core:core:1.13.0] AndroidManifest.xml:24:9-44
14
15    <uses-permission android:name="com.example.citasbrenda.DYNAMIC_RECEIVER_NOT_EXPORTED_PERMISSION" />
15-->[androidx.core:core:1.13.0] AndroidManifest.xml:26:5-97
15-->[androidx.core:core:1.13.0] AndroidManifest.xml:26:22-94
16
17    <application
17-->src\main\AndroidManifest.xml:4:5-37:19
18        android:allowBackup="true"
18-->src\main\AndroidManifest.xml:5:9-35
19        android:appComponentFactory="androidx.core.app.CoreComponentFactory"
19-->[androidx.core:core:1.13.0] AndroidManifest.xml:28:18-86
20        android:debuggable="true"
21        android:extractNativeLibs="true"
22        android:label="Uñas y pestañas Brenda"
22-->src\main\AndroidManifest.xml:6:9-47
23        android:testOnly="true"
24        android:theme="@style/Theme.CitasBrenda" >
24-->src\main\AndroidManifest.xml:7:9-49
25        <activity android:name="com.example.citasbrenda.AppointmentsActivity" />
25-->src\main\AndroidManifest.xml:9:9-58
25-->src\main\AndroidManifest.xml:9:19-55
26        <activity android:name="com.example.citasbrenda.ConfirmActivity" />
26-->src\main\AndroidManifest.xml:10:9-53
26-->src\main\AndroidManifest.xml:10:19-50
27        <activity android:name="com.example.citasbrenda.ScheduleActivity" />
27-->src\main\AndroidManifest.xml:11:9-54
27-->src\main\AndroidManifest.xml:11:19-51
28        <activity android:name="com.example.citasbrenda.CalendarActivity" />
28-->src\main\AndroidManifest.xml:12:9-54
28-->src\main\AndroidManifest.xml:12:19-51
29        <activity android:name="com.example.citasbrenda.HomeActivity" />
29-->src\main\AndroidManifest.xml:13:9-50
29-->src\main\AndroidManifest.xml:13:19-47
30        <activity android:name="com.example.citasbrenda.RegisterActivity" />
30-->src\main\AndroidManifest.xml:14:9-54
30-->src\main\AndroidManifest.xml:14:19-51
31        <activity android:name="com.example.citasbrenda.AdminDashboardActivity" />
31-->src\main\AndroidManifest.xml:15:9-60
31-->src\main\AndroidManifest.xml:15:19-57
32        <activity android:name="com.example.citasbrenda.AppointmentDetailActivity" />
32-->src\main\AndroidManifest.xml:16:9-63
32-->src\main\AndroidManifest.xml:16:19-60
33        <activity android:name="com.example.citasbrenda.ChangePasswordActivity" />
33-->src\main\AndroidManifest.xml:17:9-60
33-->src\main\AndroidManifest.xml:17:19-57
34        <activity android:name="com.example.citasbrenda.BranchesActivity" />
34-->src\main\AndroidManifest.xml:18:9-54
34-->src\main\AndroidManifest.xml:18:19-51
35        <activity android:name="com.example.citasbrenda.ServicesActivity" />
35-->src\main\AndroidManifest.xml:19:9-54
35-->src\main\AndroidManifest.xml:19:19-51
36        <activity android:name="com.example.citasbrenda.ProvidersActivity" />
36-->src\main\AndroidManifest.xml:20:9-55
36-->src\main\AndroidManifest.xml:20:19-52
37        <activity android:name="com.example.citasbrenda.PriceListsActivity" />
37-->src\main\AndroidManifest.xml:21:9-56
37-->src\main\AndroidManifest.xml:21:19-53
38        <activity android:name="com.example.citasbrenda.PriceListDetailActivity" />
38-->src\main\AndroidManifest.xml:22:9-61
38-->src\main\AndroidManifest.xml:22:19-58
39        <activity android:name="com.example.citasbrenda.DailyAgendaActivity" />
39-->src\main\AndroidManifest.xml:23:9-57
39-->src\main\AndroidManifest.xml:23:19-54
40        <activity android:name="com.example.citasbrenda.MyAppointmentsActivity" />
40-->src\main\AndroidManifest.xml:24:9-60
40-->src\main\AndroidManifest.xml:24:19-57
41
42        <!-- Pantalla inicial CORRECTA -->
43        <activity
43-->src\main\AndroidManifest.xml:28:9-35:20
44            android:name="com.example.citasbrenda.LoginActivity"
44-->src\main\AndroidManifest.xml:29:13-42
45            android:exported="true" >
45-->src\main\AndroidManifest.xml:30:13-36
46            <intent-filter>
46-->src\main\AndroidManifest.xml:31:13-34:29
47                <action android:name="android.intent.action.MAIN" />
47-->src\main\AndroidManifest.xml:32:17-69
47-->src\main\AndroidManifest.xml:32:25-66
48
49                <category android:name="android.intent.category.LAUNCHER" />
49-->src\main\AndroidManifest.xml:33:17-77
49-->src\main\AndroidManifest.xml:33:27-74
50            </intent-filter>
51        </activity>
52
53        <service
53-->[androidx.room:room-runtime:2.6.1] AndroidManifest.xml:24:9-28:63
54            android:name="androidx.room.MultiInstanceInvalidationService"
54-->[androidx.room:room-runtime:2.6.1] AndroidManifest.xml:25:13-74
55            android:directBootAware="true"
55-->[androidx.room:room-runtime:2.6.1] AndroidManifest.xml:26:13-43
56            android:exported="false" />
56-->[androidx.room:room-runtime:2.6.1] AndroidManifest.xml:27:13-37
57
58        <provider
58-->[androidx.emoji2:emoji2:1.3.0] AndroidManifest.xml:24:9-32:20
59            android:name="androidx.startup.InitializationProvider"
59-->[androidx.emoji2:emoji2:1.3.0] AndroidManifest.xml:25:13-67
60            android:authorities="com.example.citasbrenda.androidx-startup"
60-->[androidx.emoji2:emoji2:1.3.0] AndroidManifest.xml:26:13-68
61            android:exported="false" >
61-->[androidx.emoji2:emoji2:1.3.0] AndroidManifest.xml:27:13-37
62            <meta-data
62-->[androidx.emoji2:emoji2:1.3.0] AndroidManifest.xml:29:13-31:52
63                android:name="androidx.emoji2.text.EmojiCompatInitializer"
63-->[androidx.emoji2:emoji2:1.3.0] AndroidManifest.xml:30:17-75
64                android:value="androidx.startup" />
64-->[androidx.emoji2:emoji2:1.3.0] AndroidManifest.xml:31:17-49
65            <meta-data
65-->[androidx.lifecycle:lifecycle-process:2.8.4] AndroidManifest.xml:29:13-31:52
66                android:name="androidx.lifecycle.ProcessLifecycleInitializer"
66-->[androidx.lifecycle:lifecycle-process:2.8.4] AndroidManifest.xml:30:17-78
67                android:value="androidx.startup" />
67-->[androidx.lifecycle:lifecycle-process:2.8.4] AndroidManifest.xml:31:17-49
68            <meta-data
68-->[androidx.profileinstaller:profileinstaller:1.4.0] AndroidManifest.xml:29:13-31:52
69                android:name="androidx.profileinstaller.ProfileInstallerInitializer"
69-->[androidx.profileinstaller:profileinstaller:1.4.0] AndroidManifest.xml:30:17-85
70                android:value="androidx.startup" />
70-->[androidx.profileinstaller:profileinstaller:1.4.0] AndroidManifest.xml:31:17-49
71        </provider>
72
73        <receiver
73-->[androidx.profileinstaller:profileinstaller:1.4.0] AndroidManifest.xml:34:9-52:20
74            android:name="androidx.profileinstaller.ProfileInstallReceiver"
74-->[androidx.profileinstaller:profileinstaller:1.4.0] AndroidManifest.xml:35:13-76
75            android:directBootAware="false"
75-->[androidx.profileinstaller:profileinstaller:1.4.0] AndroidManifest.xml:36:13-44
76            android:enabled="true"
76-->[androidx.profileinstaller:profileinstaller:1.4.0] AndroidManifest.xml:37:13-35
77            android:exported="true"
77-->[androidx.profileinstaller:profileinstaller:1.4.0] AndroidManifest.xml:38:13-36
78            android:permission="android.permission.DUMP" >
78-->[androidx.profileinstaller:profileinstaller:1.4.0] AndroidManifest.xml:39:13-57
79            <intent-filter>
79-->[androidx.profileinstaller:profileinstaller:1.4.0] AndroidManifest.xml:40:13-42:29
80                <action android:name="androidx.profileinstaller.action.INSTALL_PROFILE" />
80-->[androidx.profileinstaller:profileinstaller:1.4.0] AndroidManifest.xml:41:17-91
80-->[androidx.profileinstaller:profileinstaller:1.4.0] AndroidManifest.xml:41:25-88
81            </intent-filter>
82            <intent-filter>
82-->[androidx.profileinstaller:profileinstaller:1.4.0] AndroidManifest.xml:43:13-45:29
83                <action android:name="androidx.profileinstaller.action.SKIP_FILE" />
83-->[androidx.profileinstaller:profileinstaller:1.4.0] AndroidManifest.xml:44:17-85
83-->[androidx.profileinstaller:profileinstaller:1.4.0] AndroidManifest.xml:44:25-82
84            </intent-filter>
85            <intent-filter>
85-->[androidx.profileinstaller:profileinstaller:1.4.0] AndroidManifest.xml:46:13-48:29
86                <action android:name="androidx.profileinstaller.action.SAVE_PROFILE" />
86-->[androidx.profileinstaller:profileinstaller:1.4.0] AndroidManifest.xml:47:17-88
86-->[androidx.profileinstaller:profileinstaller:1.4.0] AndroidManifest.xml:47:25-85
87            </intent-filter>
88            <intent-filter>
88-->[androidx.profileinstaller:profileinstaller:1.4.0] AndroidManifest.xml:49:13-51:29
89                <action android:name="androidx.profileinstaller.action.BENCHMARK_OPERATION" />
89-->[androidx.profileinstaller:profileinstaller:1.4.0] AndroidManifest.xml:50:17-95
89-->[androidx.profileinstaller:profileinstaller:1.4.0] AndroidManifest.xml:50:25-92
90            </intent-filter>
91        </receiver>
92    </application>
93
94</manifest>